============================= test session starts ==============================
collected 111 items

tests/unit/test_supplementary_reranker.py .............................. [ 27%]
............FF...F.FFFF.FF                                               [ 50%]
tests/unit/test_supplementary_search_service.py ........................ [ 72%]
...............................                                          [100%]

=================================== FAILURES ===================================
____ TestTypeWeightsIndexerTransition.test_indexer_note_mapped_to_canonical ____
tests/unit/test_supplementary_reranker.py:587: in test_indexer_note_mapped_to_canonical
    assert w == 0.7
E   assert 1.0 == 0.7
_ TestTypeWeightsIndexerTransition.test_indexer_video_transcript_mapped_to_canonical _
tests/unit/test_supplementary_reranker.py:594: in test_indexer_video_transcript_mapped_to_canonical
    assert get_type_weight("video_transcript") == 0.9
E   AssertionError: assert 0.75 == 0.9
E    +  where 0.75 = <function get_type_weight at 0x17accf7f0>('video_transcript')
__________ TestFilterFloor.test_floor_triggered_marks_first_material ___________
tests/unit/test_supplementary_reranker.py:653: in test_floor_triggered_marks_first_material
    assert result[0].get("filter_floor_triggered") is True
E   AssertionError: assert None is True
E    +  where None = <built-in method get of dict object at 0x17af2e0c0>('filter_floor_triggered')
E    +    where <built-in method get of dict object at 0x17af2e0c0> = {'hub_penalty': 0.0, 'query_overlap': 0.0, 'rerank_score': 0.5, 'score': 0.5, ...}.get
______________ TestFilterFloor.test_min_keep_zero_disables_floor _______________
tests/unit/test_supplementary_reranker.py:684: in test_min_keep_zero_disables_floor
    assert len(result) == 0
E   AssertionError: assert 5 == 0
E    +  where 5 = len([{'hub_penalty': 0.0, 'query_overlap': 0.0, 'rerank_score': 0.5, 'score': 0.5, ...}, {'hub_penalty': 0.0, 'query_overl...nk_score': 0.5, 'score': 0.5, ...}, {'hub_penalty': 0.0, 'query_overlap': 0.0, 'rerank_score': 0.5, 'score': 0.5, ...}])
__________ TestFilterFloor.test_floor_triggered_when_kill_ratio_high ___________
tests/unit/test_supplementary_reranker.py:698: in test_floor_triggered_when_kill_ratio_high
    assert result[0].get("filter_floor_triggered") is True
E   AssertionError: assert None is True
E    +  where None = <built-in method get of dict object at 0x17aefd700>('filter_floor_triggered')
E    +    where <built-in method get of dict object at 0x17aefd700> = {'hub_penalty': 0.0, 'query_overlap': 0.0, 'rerank_score': 0.5, 'score': 0.5, ...}.get
_______________ TestFilterFloor.test_floor_still_respects_top_k ________________
tests/unit/test_supplementary_reranker.py:710: in test_floor_still_respects_top_k
    assert result[0].get("filter_floor_triggered") is True
E   AssertionError: assert None is True
E    +  where None = <built-in method get of dict object at 0x17af18e40>('filter_floor_triggered')
E    +    where <built-in method get of dict object at 0x17af18e40> = {'hub_penalty': 0.0, 'query_overlap': 0.0, 'rerank_score': 0.5, 'score': 0.5, ...}.get
___ TestFilterFloorTaintExclusion.test_min_keep_floor_excludes_review_taint ____
tests/unit/test_supplementary_reranker.py:752: in test_min_keep_floor_excludes_review_taint
    assert len(result) == 2
E   AssertionError: assert 3 == 2
E    +  where 3 = len([{'hub_penalty': 0.0, 'query_overlap': 0.0, 'rerank_score': 0.5, 'score': 0.5, ...}, {'hub_penalty': 0.0, 'query_overl... 0.5, 'score': 0.5, ...}, {'hub_penalty': 0.0, 'injection_risk': 0.55, 'query_overlap': 0.0, 'rerank_score': 0.5, ...}])
___ TestFilterFloorTaintExclusion.test_floor_no_taint_field_treated_as_clean ___
tests/unit/test_supplementary_reranker.py:795: in test_floor_no_taint_field_treated_as_clean
    assert result[0].get("filter_floor_triggered") is True
E   AssertionError: assert None is True
E    +  where None = <built-in method get of dict object at 0x17af11940>('filter_floor_triggered')
E    +    where <built-in method get of dict object at 0x17af11940> = {'hub_penalty': 0.0, 'query_overlap': 0.0, 'rerank_score': 0.5, 'score': 0.5, ...}.get
____ TestFilterFloorTaintExclusion.test_floor_all_review_returns_empty_list ____
tests/unit/test_supplementary_reranker.py:813: in test_floor_all_review_returns_empty_list
    assert len(result) == 0
E   AssertionError: assert 5 == 0
E    +  where 5 = len([{'hub_penalty': 0.0, 'injection_risk': 0.6, 'query_overlap': 0.0, 'rerank_score': 0.5, ...}, {'hub_penalty': 0.0, 'in...'rerank_score': 0.5, ...}, {'hub_penalty': 0.0, 'injection_risk': 0.6, 'query_overlap': 0.0, 'rerank_score': 0.5, ...}])
=============================== warnings summary ===============================
.venv/lib/python3.14/site-packages/google/genai/types.py:43
  /Users/Heishing/Desktop/canvas/canvas-learning-system/.claude/worktrees/card-s5-census/backend/.venv/lib/python3.14/site-packages/google/genai/types.py:43: DeprecationWarning: '_UnionGenericAlias' is deprecated and slated for removal in Python 3.17
    VersionedUnionType = Union[builtin_types.UnionType, _UnionGenericAlias]

.venv/lib/python3.14/site-packages/langchain_core/_api/deprecation.py:25
  /Users/Heishing/Desktop/canvas/canvas-learning-system/.claude/worktrees/card-s5-census/backend/.venv/lib/python3.14/site-packages/langchain_core/_api/deprecation.py:25: UserWarning: Core Pydantic V1 functionality isn't compatible with Python 3.14 or greater.
    from pydantic.v1.fields import FieldInfo as FieldInfoV1

.venv/lib/python3.14/site-packages/graphiti_core/driver/search_interface/search_interface.py:22
  /Users/Heishing/Desktop/canvas/canvas-learning-system/.claude/worktrees/card-s5-census/backend/.venv/lib/python3.14/site-packages/graphiti_core/driver/search_interface/search_interface.py:22: PydanticDeprecatedSince20: Support for class-based `config` is deprecated, use ConfigDict instead. Deprecated in Pydantic V2.0 to be removed in V3.0. See Pydantic V2 Migration Guide at https://errors.pydantic.dev/2.12/migration/
    class SearchInterface(BaseModel):

.venv/lib/python3.14/site-packages/jieba/_compat.py:18
  /Users/Heishing/Desktop/canvas/canvas-learning-system/.claude/worktrees/card-s5-census/backend/.venv/lib/python3.14/site-packages/jieba/_compat.py:18: UserWarning: pkg_resources is deprecated as an API. See https://setuptools.pypa.io/en/latest/pkg_resources.html. The pkg_resources package is slated for removal as early as 2025-11-30. Refrain from using this package or pin to Setuptools<81.
    import pkg_resources

<frozen importlib._bootstrap>:491
  <frozen importlib._bootstrap>:491: DeprecationWarning: builtin type SwigPyPacked has no __module__ attribute

<frozen importlib._bootstrap>:491
  <frozen importlib._bootstrap>:491: DeprecationWarning: builtin type SwigPyObject has no __module__ attribute

app/api/v1/endpoints/chat.py:803
  /Users/Heishing/Desktop/canvas/canvas-learning-system/.claude/worktrees/card-s5-census/backend/app/api/v1/endpoints/chat.py:803: PydanticDeprecatedSince20: Support for class-based `config` is deprecated, use ConfigDict instead. Deprecated in Pydantic V2.0 to be removed in V3.0. See Pydantic V2 Migration Guide at https://errors.pydantic.dev/2.12/migration/
    class HookEnrichRequest(BaseModel):

app/api/v1/endpoints/metadata.py:147
  /Users/Heishing/Desktop/canvas/canvas-learning-system/.claude/worktrees/card-s5-census/backend/app/api/v1/endpoints/metadata.py:147: FastAPIDeprecationWarning: `example` has been deprecated, please use `examples` instead
    canvas_path: str = Query(

app/api/v1/endpoints/metadata.py:218
  /Users/Heishing/Desktop/canvas/canvas-learning-system/.claude/worktrees/card-s5-census/backend/app/api/v1/endpoints/metadata.py:218: FastAPIDeprecationWarning: `example` has been deprecated, please use `examples` instead
    canvas_path: str = Query(..., description="Canvas file path", example="Math 54/离散数学.canvas"),

.venv/lib/python3.14/site-packages/pydantic/_internal/_generate_schema.py:2356
  /Users/Heishing/Desktop/canvas/canvas-learning-system/.claude/worktrees/card-s5-census/backend/.venv/lib/python3.14/site-packages/pydantic/_internal/_generate_schema.py:2356: PydanticDeprecatedSince211: The `__get_pydantic_core_schema__` method of the `BaseModel` class is deprecated. If you are calling `super().__get_pydantic_core_schema__` when overriding the method on a Pydantic model, consider using `handler(source)` instead. However, note that overriding this method on models can lead to unexpected side effects. Deprecated in Pydantic V2.11 to be removed in V3.0.
    schema = annotation_get_schema(source, get_inner_schema)

-- Docs: https://docs.pytest.org/en/stable/how-to/capture-warnings.html
=========================== short test summary info ============================
FAILED tests/unit/test_supplementary_reranker.py::TestTypeWeightsIndexerTransition::test_indexer_note_mapped_to_canonical
FAILED tests/unit/test_supplementary_reranker.py::TestTypeWeightsIndexerTransition::test_indexer_video_transcript_mapped_to_canonical
FAILED tests/unit/test_supplementary_reranker.py::TestFilterFloor::test_floor_triggered_marks_first_material
FAILED tests/unit/test_supplementary_reranker.py::TestFilterFloor::test_min_keep_zero_disables_floor
FAILED tests/unit/test_supplementary_reranker.py::TestFilterFloor::test_floor_triggered_when_kill_ratio_high
FAILED tests/unit/test_supplementary_reranker.py::TestFilterFloor::test_floor_still_respects_top_k
FAILED tests/unit/test_supplementary_reranker.py::TestFilterFloorTaintExclusion::test_min_keep_floor_excludes_review_taint
FAILED tests/unit/test_supplementary_reranker.py::TestFilterFloorTaintExclusion::test_floor_no_taint_field_treated_as_clean
FAILED tests/unit/test_supplementary_reranker.py::TestFilterFloorTaintExclusion::test_floor_all_review_returns_empty_list
================== 9 failed, 102 passed, 10 warnings in 0.47s ==================
exit_code=1
